<?xml version="1.0" encoding="UTF-8"?>
<!-- Generated by org.testng.reporters.JUnitReportReporter -->
<testsuite skipped="0" hostname="Olasunkanmis-MacBook-Pro.local" name="TestRunner" tests="2" failures="0" timestamp="16 Aug 2018 17:34:24 GMT" time="0.195" errors="0">
  <testcase name="feature" time="0.182" classname="TestRunner"/>
  <testcase name="feature" time="0.013" classname="TestRunner"/>
</testsuite> <!-- TestRunner -->
